{"total": {"lines":{"total":438,"covered":301,"skipped":0,"pct":68.72},"statements":{"total":479,"covered":323,"skipped":0,"pct":67.43},"functions":{"total":51,"covered":34,"skipped":0,"pct":66.66},"branches":{"total":344,"covered":184,"skipped":0,"pct":53.48},"branchesTrue":{"total":0,"covered":0,"skipped":0,"pct":100}}
,"/Users/johnivanov/spotify-playlist-splitter/server/index.js": {"lines":{"total":401,"covered":270,"skipped":0,"pct":67.33},"functions":{"total":41,"covered":26,"skipped":0,"pct":63.41},"statements":{"total":433,"covered":287,"skipped":0,"pct":66.28},"branches":{"total":295,"covered":149,"skipped":0,"pct":50.5}}
,"/Users/johnivanov/spotify-playlist-splitter/server/db/schema.js": {"lines":{"total":5,"covered":0,"skipped":0,"pct":0},"functions":{"total":1,"covered":0,"skipped":0,"pct":0},"statements":{"total":5,"covered":0,"skipped":0,"pct":0},"branches":{"total":0,"covered":0,"skipped":0,"pct":100}}
,"/Users/johnivanov/spotify-playlist-splitter/server/lib/token.js": {"lines":{"total":7,"covered":7,"skipped":0,"pct":100},"functions":{"total":1,"covered":1,"skipped":0,"pct":100},"statements":{"total":9,"covered":7,"skipped":0,"pct":77.77},"branches":{"total":6,"covered":4,"skipped":0,"pct":66.66}}
,"/Users/johnivanov/spotify-playlist-splitter/server/lib/vibes.js": {"lines":{"total":25,"covered":24,"skipped":0,"pct":96},"functions":{"total":8,"covered":7,"skipped":0,"pct":87.5},"statements":{"total":32,"covered":29,"skipped":0,"pct":90.62},"branches":{"total":43,"covered":31,"skipped":0,"pct":72.09}}
}
