{"total": {"lines":{"total":663,"covered":235,"skipped":0,"pct":35.44},"statements":{"total":782,"covered":258,"skipped":0,"pct":32.99},"functions":{"total":155,"covered":55,"skipped":0,"pct":35.48},"branches":{"total":614,"covered":160,"skipped":0,"pct":26.05},"branchesTrue":{"total":0,"covered":0,"skipped":0,"pct":"Unknown"}}
,"/Users/johnivanov/spotify-playlist-splitter/client/src/App.jsx": {"lines":{"total":663,"covered":235,"skipped":0,"pct":35.44},"functions":{"total":155,"covered":55,"skipped":0,"pct":35.48},"statements":{"total":782,"covered":258,"skipped":0,"pct":32.99},"branches":{"total":614,"covered":160,"skipped":0,"pct":26.05}}
}
